Added Component: Designator=Adapter Header(Adapter Header)
Added Component: Designator=C17(1608[0603])
Added Component: Designator=C18(1608[0603])
Added Component: Designator=P2(TURBIDITY HEADER)
Added Component: Designator=U2(SOT-23-CH6_L)
Added Pin To Net: NetName=+5 Pin=Adapter Header-4
Added Pin To Net: NetName=+5 Pin=C18-2
Added Pin To Net: NetName=+5 Pin=U2-5
Added Net: Name=+5
Added Pin To Net: NetName=GND Pin=Adapter Header-1
Added Pin To Net: NetName=GND Pin=C17-1
Added Pin To Net: NetName=GND Pin=C18-1
Added Pin To Net: NetName=GND Pin=P2-1
Added Pin To Net: NetName=GND Pin=U2-2
Added Pin To Net: NetName=GND Pin=U2-6
Added Net: Name=GND
Added Pin To Net: NetName=NetC17_2 Pin=C17-2
Added Pin To Net: NetName=NetC17_2 Pin=P2-3
Added Net: Name=NetC17_2
Added Pin To Net: NetName=SCL Pin=Adapter Header-3
Added Pin To Net: NetName=SCL Pin=U2-3
Added Net: Name=SCL
Added Pin To Net: NetName=SDA Pin=Adapter Header-2
Added Pin To Net: NetName=SDA Pin=U2-4
Added Net: Name=SDA
Added Pin To Net: NetName=VMES Pin=P2-2
Added Pin To Net: NetName=VMES Pin=U2-1
Added Net: Name=VMES
Added Class: Name=Turbidity
Added Room: Name=Turbidity
