Added Component: Designator=C14(0402)
Added Component: Designator=C18(0402)
Added Component: Designator=C19(0402)
Added Component: Designator=C25(0402)
Added Component: Designator=C26(0402)
Added Component: Designator=C29(0402)
Added Component: Designator=R28(0402)
Added Pin To Net: NetName=+3V3 Pin=C14-1
Added Pin To Net: NetName=+3V3 Pin=C19-2
Added Pin To Net: NetName=+3V3 Pin=R28-2
Added Net: Name=+3V3
Added Pin To Net: NetName=GND Pin=C14-2
Added Pin To Net: NetName=GND Pin=C18-1
Added Pin To Net: NetName=GND Pin=C19-1
Added Pin To Net: NetName=GND Pin=C25-1
Added Pin To Net: NetName=GND Pin=C26-1
Added Pin To Net: NetName=GND Pin=C29-2
Added Net: Name=GND
Added Pin To Net: NetName=NetC29_1 Pin=C29-1
Added Pin To Net: NetName=NetC29_1 Pin=R28-1
Added Net: Name=NetC29_1
Added Net: Name=P1.0
Added Net: Name=P1.1
Added Net: Name=P1.2
Added Net: Name=P1.3
Added Net: Name=P1.4
Added Net: Name=P1.5
Added Net: Name=P1.6
Added Net: Name=P1.7
Added Net: Name=P2.0
Added Net: Name=P2.1
Added Net: Name=P2.2
Added Net: Name=P2.3
Added Net: Name=P2.4
Added Net: Name=P2.5
Added Net: Name=P2.6
Added Net: Name=P2.7
Added Net: Name=P3.0
Added Net: Name=P3.1
Added Net: Name=P3.2
Added Net: Name=P3.3
Added Net: Name=P3.4
Added Net: Name=P3.5
Added Net: Name=P3.6
Added Net: Name=P3.7
Added Net: Name=P4.0
Added Net: Name=P4.1
Added Net: Name=P4.2
Added Net: Name=P4.3
Added Net: Name=P4.4/UCA1TXD
Added Net: Name=P4.5/UCA1RXD
Added Net: Name=P4.7
Added Pin To Net: NetName=P5.4/XIN Pin=C26-2
Added Net: Name=P5.4/XIN
Added Pin To Net: NetName=P5.5/XOUT Pin=C25-2
Added Net: Name=P5.5/XOUT
Added Net: Name=P6.4
Added Net: Name=P6.5
Added Net: Name=P6.6
Added Net: Name=P6.7
Added Net: Name=P7.0
Added Net: Name=P7.4
Added Net: Name=P8.1
Added Net: Name=P8.2
Added Pin To Net: NetName=VCORE Pin=C18-2
Added Net: Name=VCORE
Added Class: Name=MSP-EXP430F5529LP_0
Added Room: Name=mainboard
Added Room: Name=MSP-EXP430F5529LP_0
