Added Component: Designator=3.3V boost converter(DRC10-2400X1650TP)
Added Component: Designator=5V boost converter(DRV6-1600X1000TP)
Added Component: Designator=AirTemperature(Si7050/3/4/5)
Added Component: Designator=BATT CHARGER(RGT16-1700X1700TP)
Added Component: Designator=BATTERY PACK(HDR1X3)
Added Component: Designator=BTN_LEFT(HDR1X3)
Added Component: Designator=BTN_RIGHT(HDR1X3)
Added Component: Designator=C1(1608[0603])
Added Component: Designator=C2(1608[0603])
Added Component: Designator=C3(1608[0603])
Added Component: Designator=C4(1608[0603])
Added Component: Designator=C5(1608[0603])
Added Component: Designator=C6(1608[0603])
Added Component: Designator=C7(1608[0603])
Added Component: Designator=C8(1608[0603])
Added Component: Designator=C9(1608[0603])
Added Component: Designator=C10(1608[0603])
Added Component: Designator=C11(1608[0603])
Added Component: Designator=C12(1608[0603])
Added Component: Designator=C13(1608[0603])
Added Component: Designator=C14(1608[0603])
Added Component: Designator=C15(1608[0603])
Added Component: Designator=C16(1608[0603])
Added Component: Designator=C17(1608[0603])
Added Component: Designator=C18(C0805)
Added Component: Designator=C19(1608[0603])
Added Component: Designator=C20(1608[0603])
Added Component: Designator=C21(1608[0603])
Added Component: Designator=C22(1608[0603])
Added Component: Designator=D1(3.2X1.6X1.1)
Added Component: Designator=D2(3.2X1.6X1.1)
Added Component: Designator=DISPLAY(Display shield)
Added Component: Designator=ESD_PROT_I2C(DRS6-1900X1200TP)
Added Component: Designator=ESD_PROT_USB(DRS6-1900X1200TP)
Added Component: Designator=ferrite bead(SMD-0603)
Added Component: Designator=FLASH_MEMORY(MCHP-SOIC-S3A8_M)
Added Component: Designator=GPS(GPS bee)
Added Component: Designator=J1(Jack_5_socket)
Added Component: Designator=J2(HIRO-ZX62D-AB-5P8_V)
Added Component: Designator=L1(MURA-IND1210_V)
Added Component: Designator=L2(0603)
Added Component: Designator=LogicLevelTranslator(TSOP65P490X110-8N)
Added Component: Designator=PROG(HDR1X4)
Added Component: Designator=Q2(MS3V-T1R)
Added Component: Designator=Q4(CSTCR_G15L)
Added Component: Designator=R1(J1-0603)
Added Component: Designator=R2(J1-0603)
Added Component: Designator=R3(J1-0603)
Added Component: Designator=R4(J1-0603)
Added Component: Designator=R5(J1-0603)
Added Component: Designator=R6(J1-0603)
Added Component: Designator=R7(J1-0603)
Added Component: Designator=R8(J1-0603)
Added Component: Designator=R9(J1-0603)
Added Component: Designator=R10(J1-0603)
Added Component: Designator=R11(J1-0603)
Added Component: Designator=R12(J1-0603)
Added Component: Designator=R13(J1-0603)
Added Component: Designator=R14(J1-0603)
Added Component: Designator=R15(J1-0603)
Added Component: Designator=R16(J1-0603)
Added Component: Designator=R17(J1-0603)
Added Component: Designator=R18(J1-0603)
Added Component: Designator=R19(J1-0603)
Added Component: Designator=R20(J1-0603)
Added Component: Designator=R21(J1-0603)
Added Component: Designator=R22(J1-0603)
Added Component: Designator=R23(J1-0603)
Added Component: Designator=R24(J1-0603)
Added Component: Designator=R25(J1-0603)
Added Component: Designator=R26(J1-0603)
Added Component: Designator=R27(J1-0603)
Added Component: Designator=R_ISET(J1-0603)
Added Component: Designator=rf(S2C XBEE)
Added Component: Designator=RX/TX(HDR1X2)
Added Component: Designator=STATUS LED(HDR1X2)
Added Component: Designator=U1(TI-PN80_N)
Added Pin To Net: NetName=VCC Pin=3.3V boost converter-1
Added Pin To Net: NetName=Net3.3V boost converter_2 Pin=3.3V boost converter-2
Added Pin To Net: NetName=GND Pin=3.3V boost converter-3
Added Pin To Net: NetName=Net3.3V boost converter_4 Pin=3.3V boost converter-4
Added Pin To Net: NetName=V_SYS Pin=3.3V boost converter-5
Added Pin To Net: NetName=V_SYS Pin=3.3V boost converter-6
Added Pin To Net: NetName=V_SYS Pin=3.3V boost converter-7
Added Pin To Net: NetName=V_SYS Pin=3.3V boost converter-8
Added Pin To Net: NetName=GND Pin=3.3V boost converter-9
Added Pin To Net: NetName=VCC Pin=3.3V boost converter-10
Added Pin To Net: NetName=GND Pin=3.3V boost converter-11
Added Pin To Net: NetName=GND Pin=5V boost converter-1
Added Pin To Net: NetName=5VOUT Pin=5V boost converter-2
Added Pin To Net: NetName=5VOUT Pin=5V boost converter-3
Added Pin To Net: NetName=5VENABLE Pin=5V boost converter-4
Added Pin To Net: NetName=Net5V boost converter_5 Pin=5V boost converter-5
Added Pin To Net: NetName=V_SYS Pin=5V boost converter-6
Added Pin To Net: NetName=GND Pin=5V boost converter-7
Added Pin To Net: NetName=SDA Pin=AirTemperature-1
Added Pin To Net: NetName=GND Pin=AirTemperature-2
Added Pin To Net: NetName=VCC Pin=AirTemperature-5
Added Pin To Net: NetName=SCL Pin=AirTemperature-6
Added Pin To Net: NetName=TEMP Pin=BATT CHARGER-1
Added Pin To Net: NetName=BAT+ Pin=BATT CHARGER-2
Added Pin To Net: NetName=BAT+ Pin=BATT CHARGER-3
Added Pin To Net: NetName=CHARGE_EN Pin=BATT CHARGER-4
Added Pin To Net: NetName=GND Pin=BATT CHARGER-5
Added Pin To Net: NetName=USB500 Pin=BATT CHARGER-6
Added Pin To Net: NetName=NetBATT CHARGER_7 Pin=BATT CHARGER-7
Added Pin To Net: NetName=GND Pin=BATT CHARGER-8
Added Pin To Net: NetName=NetBATT CHARGER_9 Pin=BATT CHARGER-9
Added Pin To Net: NetName=V_SYS Pin=BATT CHARGER-10
Added Pin To Net: NetName=V_SYS Pin=BATT CHARGER-11
Added Pin To Net: NetName=+5 Pin=BATT CHARGER-13
Added Pin To Net: NetName=NetBATT CHARGER_14 Pin=BATT CHARGER-14
Added Pin To Net: NetName=GND Pin=BATT CHARGER-15
Added Pin To Net: NetName=NetBATT CHARGER_16 Pin=BATT CHARGER-16
Added Pin To Net: NetName=GND Pin=BATT CHARGER-17
Added Pin To Net: NetName=GND Pin=BATTERY PACK-1
Added Pin To Net: NetName=BAT+ Pin=BATTERY PACK-2
Added Pin To Net: NetName=TEMP Pin=BATTERY PACK-3
Added Pin To Net: NetName=GND Pin=BTN_LEFT-1
Added Pin To Net: NetName=NetBTN_LEFT_2 Pin=BTN_LEFT-2
Added Pin To Net: NetName=NetBTN_LEFT_3 Pin=BTN_LEFT-3
Added Pin To Net: NetName=NetBTN_RIGHT_1 Pin=BTN_RIGHT-1
Added Pin To Net: NetName=NetBTN_RIGHT_2 Pin=BTN_RIGHT-2
Added Pin To Net: NetName=GND Pin=BTN_RIGHT-3
Added Pin To Net: NetName=GND Pin=C1-1
Added Pin To Net: NetName=5VOUT Pin=C1-2
Added Pin To Net: NetName=GND Pin=C2-1
Added Pin To Net: NetName=V_SYS Pin=C2-2
Added Pin To Net: NetName=GND Pin=C3-1
Added Pin To Net: NetName=+5 Pin=C3-2
Added Pin To Net: NetName=GND Pin=C4-1
Added Pin To Net: NetName=V_SYS Pin=C4-2
Added Pin To Net: NetName=GND Pin=C5-1
Added Pin To Net: NetName=BAT+ Pin=C5-2
Added Pin To Net: NetName=GND Pin=C6-1
Added Pin To Net: NetName=5VOUT Pin=C6-2
Added Pin To Net: NetName=GND Pin=C7-1
Added Pin To Net: NetName=5VOUT Pin=C7-2
Added Pin To Net: NetName=GND Pin=C8-1
Added Pin To Net: NetName=USBDP Pin=C8-2
Added Pin To Net: NetName=GND Pin=C9-1
Added Pin To Net: NetName=USBDM Pin=C9-2
Added Pin To Net: NetName=GND Pin=C10-1
Added Pin To Net: NetName=+5 Pin=C10-2
Added Pin To Net: NetName=GND Pin=C11-1
Added Pin To Net: NetName=VCC Pin=C11-2
Added Pin To Net: NetName=GND Pin=C12-1
Added Pin To Net: NetName=NetC12_2 Pin=C12-2
Added Pin To Net: NetName=GND Pin=C13-1
Added Pin To Net: NetName=VCC Pin=C13-2
Added Pin To Net: NetName=GND Pin=C14-1
Added Pin To Net: NetName=NetC14_2 Pin=C14-2
Added Pin To Net: NetName=NetC15_1 Pin=C15-1
Added Pin To Net: NetName=GND Pin=C15-2
Added Pin To Net: NetName=NetC16_1 Pin=C16-1
Added Pin To Net: NetName=GND Pin=C16-2
Added Pin To Net: NetName=GND Pin=C17-1
Added Pin To Net: NetName=VCC Pin=C17-2
Added Pin To Net: NetName=+5 Pin=C18-1
Added Pin To Net: NetName=GND Pin=C18-2
Added Pin To Net: NetName=VCC Pin=C19-1
Added Pin To Net: NetName=GND Pin=C19-2
Added Pin To Net: NetName=GND Pin=C20-1
Added Pin To Net: NetName=VCC Pin=C20-2
Added Pin To Net: NetName=GND Pin=C21-1
Added Pin To Net: NetName=VCC Pin=C21-2
Added Pin To Net: NetName=GND Pin=C22-1
Added Pin To Net: NetName=VCC Pin=C22-2
Added Pin To Net: NetName=NetD1_1 Pin=D1-1
Added Pin To Net: NetName=NetBATT CHARGER_9 Pin=D1-2
Added Pin To Net: NetName=NetD2_1 Pin=D2-1
Added Pin To Net: NetName=NetBATT CHARGER_7 Pin=D2-2
Added Pin To Net: NetName=5VOUT Pin=ESD_PROT_I2C-1
Added Pin To Net: NetName=SCL5V Pin=ESD_PROT_I2C-3
Added Pin To Net: NetName=GND Pin=ESD_PROT_I2C-4
Added Pin To Net: NetName=SDA5V Pin=ESD_PROT_I2C-6
Added Pin To Net: NetName=+5 Pin=ESD_PROT_USB-1
Added Pin To Net: NetName=USBDP Pin=ESD_PROT_USB-3
Added Pin To Net: NetName=GND Pin=ESD_PROT_USB-4
Added Pin To Net: NetName=USBDM Pin=ESD_PROT_USB-6
Added Pin To Net: NetName=VCC Pin=ferrite bead-1
Added Pin To Net: NetName=Netferrite bead_2 Pin=ferrite bead-2
Added Pin To Net: NetName=SPI_FLASH_CS Pin=FLASH_MEMORY-1
Added Pin To Net: NetName=SPI_MISO Pin=FLASH_MEMORY-2
Added Pin To Net: NetName=VCC Pin=FLASH_MEMORY-3
Added Pin To Net: NetName=GND Pin=FLASH_MEMORY-4
Added Pin To Net: NetName=SPI_MOSI Pin=FLASH_MEMORY-5
Added Pin To Net: NetName=SPI_SCK Pin=FLASH_MEMORY-6
Added Pin To Net: NetName=VCC Pin=FLASH_MEMORY-7
Added Pin To Net: NetName=VCC Pin=FLASH_MEMORY-8
Added Pin To Net: NetName=Netferrite bead_2 Pin=GPS-1
Added Pin To Net: NetName=RX_FROM_GPS Pin=GPS-2
Added Pin To Net: NetName=5VOUT Pin=J1-1
Added Pin To Net: NetName=GND Pin=J1-2
Added Pin To Net: NetName=SCL5V Pin=J1-3
Added Pin To Net: NetName=SDA5V Pin=J1-4
Added Pin To Net: NetName=5VENABLE Pin=J1-5
Added Pin To Net: NetName=+5 Pin=J2-1
Added Pin To Net: NetName=NetJ2_2 Pin=J2-2
Added Pin To Net: NetName=NetJ2_3 Pin=J2-3
Added Pin To Net: NetName=GND Pin=J2-5
Added Pin To Net: NetName=GND Pin=J2-6
Added Pin To Net: NetName=GND Pin=J2-11
Added Pin To Net: NetName=Net3.3V boost converter_4 Pin=L1-1
Added Pin To Net: NetName=Net3.3V boost converter_2 Pin=L1-2
Added Pin To Net: NetName=V_SYS Pin=L2-1
Added Pin To Net: NetName=Net5V boost converter_5 Pin=L2-2
Added Pin To Net: NetName=SCL Pin=LogicLevelTranslator-2
Added Pin To Net: NetName=SDA Pin=LogicLevelTranslator-3
Added Pin To Net: NetName=GND Pin=LogicLevelTranslator-4
Added Pin To Net: NetName=5VENABLE Pin=LogicLevelTranslator-5
Added Pin To Net: NetName=SDA5V Pin=LogicLevelTranslator-6
Added Pin To Net: NetName=SCL5V Pin=LogicLevelTranslator-7
Added Pin To Net: NetName=VCC Pin=LogicLevelTranslator-8
Added Pin To Net: NetName=VCC Pin=PROG-1
Added Pin To Net: NetName=NetPROG_2 Pin=PROG-2
Added Pin To Net: NetName=NetPROG_3 Pin=PROG-3
Added Pin To Net: NetName=GND Pin=PROG-4
Added Pin To Net: NetName=XT2IN Pin=Q4-1
Added Pin To Net: NetName=GND Pin=Q4-2
Added Pin To Net: NetName=VCC Pin=R1-1
Added Pin To Net: NetName=5VENABLE Pin=R1-2
Added Pin To Net: NetName=NetD1_1 Pin=R2-1
Added Pin To Net: NetName=V_SYS Pin=R2-2
Added Pin To Net: NetName=NetD2_1 Pin=R3-1
Added Pin To Net: NetName=V_SYS Pin=R3-2
Added Pin To Net: NetName=USB500 Pin=R4-1
Added Pin To Net: NetName=GND Pin=R4-2
Added Pin To Net: NetName=GND Pin=R5-1
Added Pin To Net: NetName=NetBATT CHARGER_14 Pin=R5-2
Added Pin To Net: NetName=CHARGE_EN Pin=R6-1
Added Pin To Net: NetName=GND Pin=R6-2
Added Pin To Net: NetName=SCL Pin=R7-1
Added Pin To Net: NetName=VCC Pin=R7-2
Added Pin To Net: NetName=SCL5V Pin=R8-1
Added Pin To Net: NetName=5VOUT Pin=R8-2
Added Pin To Net: NetName=SDA Pin=R9-1
Added Pin To Net: NetName=VCC Pin=R9-2
Added Pin To Net: NetName=SDA5V Pin=R10-1
Added Pin To Net: NetName=5VOUT Pin=R10-2
Added Pin To Net: NetName=NetR11_2 Pin=R11-2
Added Pin To Net: NetName=NetBTN_LEFT_3 Pin=R12-1
Added Pin To Net: NetName=VCC Pin=R12-2
Added Pin To Net: NetName=NetBTN_LEFT_2 Pin=R13-1
Added Pin To Net: NetName=VCC Pin=R13-2
Added Pin To Net: NetName=NetBTN_RIGHT_2 Pin=R14-1
Added Pin To Net: NetName=VCC Pin=R14-2
Added Pin To Net: NetName=NetBTN_RIGHT_1 Pin=R15-1
Added Pin To Net: NetName=VCC Pin=R15-2
Added Pin To Net: NetName=NetJ2_2 Pin=R16-1
Added Pin To Net: NetName=USBDM Pin=R16-2
Added Pin To Net: NetName=NetJ2_3 Pin=R17-1
Added Pin To Net: NetName=USBDP Pin=R17-2
Added Pin To Net: NetName=GND Pin=R18-1
Added Pin To Net: NetName=ZIGBEE_RST Pin=R18-2
Added Pin To Net: NetName=NetR19_1 Pin=R19-1
Added Pin To Net: NetName=USBDP Pin=R19-2
Added Pin To Net: NetName=USBDP Pin=R20-1
Added Pin To Net: NetName=GND Pin=R20-2
Added Pin To Net: NetName=SPI_SCK Pin=R21-1
Added Pin To Net: NetName=NetR21_2 Pin=R21-2
Added Pin To Net: NetName=SPI_XBEE_CS Pin=R22-1
Added Pin To Net: NetName=NetR22_2 Pin=R22-2
Added Pin To Net: NetName=SPI_MOSI Pin=R23-1
Added Pin To Net: NetName=NetR23_2 Pin=R23-2
Added Pin To Net: NetName=SPI_MISO Pin=R24-1
Added Pin To Net: NetName=NetR24_2 Pin=R24-2
Added Pin To Net: NetName=SPI_FLASH_CS Pin=R25-1
Added Pin To Net: NetName=VCC Pin=R25-2
Added Pin To Net: NetName=GND Pin=R26-1
Added Pin To Net: NetName=ZIGBEE_SLEEP Pin=R26-2
Added Pin To Net: NetName=GND Pin=R27-1
Added Pin To Net: NetName=ZIGBEE_RTS Pin=R27-2
Added Pin To Net: NetName=GND Pin=R_ISET-1
Added Pin To Net: NetName=NetBATT CHARGER_16 Pin=R_ISET-2
Added Pin To Net: NetName=GND Pin=rf-1
Added Pin To Net: NetName=VCC Pin=rf-2
Added Pin To Net: NetName=RX_FROM_ZIGBEE Pin=rf-3
Added Pin To Net: NetName=TX_TO_ZIGBEE Pin=rf-4
Added Pin To Net: NetName=ZIGBEE_RST Pin=rf-6
Added Pin To Net: NetName=ZIGBEE_SLEEP Pin=rf-10
Added Pin To Net: NetName=GND Pin=rf-11
Added Pin To Net: NetName=GND Pin=rf-13
Added Pin To Net: NetName=NetR21_2 Pin=rf-14
Added Pin To Net: NetName=NetR22_2 Pin=rf-15
Added Pin To Net: NetName=NetR23_2 Pin=rf-16
Added Pin To Net: NetName=NetR24_2 Pin=rf-17
Added Pin To Net: NetName=GND Pin=rf-22
Added Pin To Net: NetName=ZIGBEE_RTS Pin=rf-29
Added Pin To Net: NetName=GND Pin=rf-35
Added Pin To Net: NetName=TX_TO_ZIGBEE Pin=RX/TX-1
Added Pin To Net: NetName=RX_FROM_ZIGBEE Pin=RX/TX-2
Added Pin To Net: NetName=GND Pin=STATUS LED-2
Added Pin To Net: NetName=SPI_EPD_CS Pin=U1-2
Added Pin To Net: NetName=SCREEN_TEMP Pin=U1-3
Added Pin To Net: NetName=SCREEN_RST_LOW Pin=U1-6
Added Pin To Net: NetName=SCREEN_PWM Pin=U1-7
Added Pin To Net: NetName=VCC Pin=U1-11
Added Pin To Net: NetName=NetC12_2 Pin=U1-12
Added Pin To Net: NetName=NetC14_2 Pin=U1-13
Added Pin To Net: NetName=GND Pin=U1-14
Added Pin To Net: NetName=SCREEN_PANEL_ON Pin=U1-16
Added Pin To Net: NetName=VCC Pin=U1-18
Added Pin To Net: NetName=GND Pin=U1-19
Added Pin To Net: NetName=NetC16_1 Pin=U1-20
Added Pin To Net: NetName=NetR11_2 Pin=U1-21
Added Pin To Net: NetName=NetBTN_LEFT_3 Pin=U1-22
Added Pin To Net: NetName=NetBTN_LEFT_2 Pin=U1-23
Added Pin To Net: NetName=NetBTN_RIGHT_2 Pin=U1-24
Added Pin To Net: NetName=NetBTN_RIGHT_1 Pin=U1-25
Added Pin To Net: NetName=SCREEN_DISCHARGE Pin=U1-32
Added Pin To Net: NetName=SCREEN_BORDER Pin=U1-35
Added Pin To Net: NetName=SCREEN_BUSY Pin=U1-36
Added Pin To Net: NetName=SDA Pin=U1-37
Added Pin To Net: NetName=SCL Pin=U1-38
Added Pin To Net: NetName=5VENABLE Pin=U1-39
Added Pin To Net: NetName=TX_TO_ZIGBEE Pin=U1-40
Added Pin To Net: NetName=RX_FROM_ZIGBEE Pin=U1-41
Added Pin To Net: NetName=ZIGBEE_SLEEP Pin=U1-42
Added Pin To Net: NetName=ZIGBEE_RST Pin=U1-43
Added Pin To Net: NetName=ZIGBEE_RTS Pin=U1-44
Added Pin To Net: NetName=SPI_SCK Pin=U1-45
Added Pin To Net: NetName=SPI_MOSI Pin=U1-46
Added Pin To Net: NetName=SPI_MISO Pin=U1-47
Added Pin To Net: NetName=GND Pin=U1-49
Added Pin To Net: NetName=VCC Pin=U1-50
Added Pin To Net: NetName=TX_TO_GPS Pin=U1-51
Added Pin To Net: NetName=RX_FROM_GPS Pin=U1-52
Added Pin To Net: NetName=GND Pin=U1-61
Added Pin To Net: NetName=USBDP Pin=U1-62
Added Pin To Net: NetName=NetR19_1 Pin=U1-63
Added Pin To Net: NetName=USBDM Pin=U1-64
Added Pin To Net: NetName=+5 Pin=U1-65
Added Pin To Net: NetName=VCC Pin=U1-66
Added Pin To Net: NetName=NetC15_1 Pin=U1-67
Added Pin To Net: NetName=GND Pin=U1-68
Added Pin To Net: NetName=XT2IN Pin=U1-69
Added Pin To Net: NetName=XT2OUT Pin=U1-70
Added Pin To Net: NetName=NetPROG_3 Pin=U1-71
Added Pin To Net: NetName=USB500 Pin=U1-72
Added Pin To Net: NetName=CHARGE_EN Pin=U1-73
Added Pin To Net: NetName=NetPROG_2 Pin=U1-76
Added Pin To Net: NetName=SPI_SD_CS Pin=U1-77
Added Pin To Net: NetName=SPI_XBEE_CS Pin=U1-78
Added Pin To Net: NetName=SPI_FLASH_CS Pin=U1-79
Added Member To Class: ClassName=mainboard Member=Component 3.3V boost converter TPS63001DRCR
Added Member To Class: ClassName=mainboard Member=Component 5V boost converter TPS61240DRVT
Added Member To Class: ClassName=mainboard Member=Component AirTemperature Si7055
Added Member To Class: ClassName=mainboard Member=Component BATT CHARGER BQ24230RGTT
Added Member To Class: ClassName=mainboard Member=Component BATTERY PACK Header 3
Added Member To Class: ClassName=mainboard Member=Component BTN_LEFT Header 3
Added Member To Class: ClassName=mainboard Member=Component BTN_RIGHT Header 3
Added Member To Class: ClassName=mainboard Member=Component C1 Cap Semi
Added Member To Class: ClassName=mainboard Member=Component C2 Cap Semi
Added Member To Class: ClassName=mainboard Member=Component C3 Cap Semi
Added Member To Class: ClassName=mainboard Member=Component C4 Cap Semi
Added Member To Class: ClassName=mainboard Member=Component C5 Cap Semi
Added Member To Class: ClassName=mainboard Member=Component C6 Cap Semi
Added Member To Class: ClassName=mainboard Member=Component C7 Cap Semi
Added Member To Class: ClassName=mainboard Member=Component C8 Cap Semi
Added Member To Class: ClassName=mainboard Member=Component C9 Cap Semi
Added Member To Class: ClassName=mainboard Member=Component C10 Cap Semi
Added Member To Class: ClassName=mainboard Member=Component C11 Cap Semi
Added Member To Class: ClassName=mainboard Member=Component C12 Cap Semi
Added Member To Class: ClassName=mainboard Member=Component C13 Cap Semi
Added Member To Class: ClassName=mainboard Member=Component C14 Cap Semi
Added Member To Class: ClassName=mainboard Member=Component C15 Cap Semi
Added Member To Class: ClassName=mainboard Member=Component C16 Cap Semi
Added Member To Class: ClassName=mainboard Member=Component C17 Cap Semi
Added Member To Class: ClassName=mainboard Member=Component C18 Cap Pol3
Added Member To Class: ClassName=mainboard Member=Component C19 Cap Semi
Added Member To Class: ClassName=mainboard Member=Component C20 Cap Semi
Added Member To Class: ClassName=mainboard Member=Component C21 Cap Semi
Added Member To Class: ClassName=mainboard Member=Component C22 Cap Semi
Added Member To Class: ClassName=mainboard Member=Component D1 LED2
Added Member To Class: ClassName=mainboard Member=Component D2 LED2
Added Member To Class: ClassName=mainboard Member=Component DISPLAY Seeed Studio Display Shield
Added Member To Class: ClassName=mainboard Member=Component ESD_PROT_I2C TPD2E001DRSR
Added Member To Class: ClassName=mainboard Member=Component ESD_PROT_USB TPD2E001DRSR
Added Member To Class: ClassName=mainboard Member=Component ferrite bead 742861210
Added Member To Class: ClassName=mainboard Member=Component FLASH_MEMORY SST25VF064C-80-4I-S3AE
Added Member To Class: ClassName=mainboard Member=Component GPS GPS Bee Seeedstudio
Added Member To Class: ClassName=mainboard Member=Component J1 Jack_5
Added Member To Class: ClassName=mainboard Member=Component J2 micro USB
Added Member To Class: ClassName=mainboard Member=Component L1 LQH32CN220K21L
Added Member To Class: ClassName=mainboard Member=Component L2 Inductor
Added Member To Class: ClassName=mainboard Member=Component LogicLevelTranslator PCA9515DP
Added Member To Class: ClassName=mainboard Member=Component PROG Header 4
Added Member To Class: ClassName=mainboard Member=Component Q2 32.768kHz
Added Member To Class: ClassName=mainboard Member=Component Q4 CSTCR4M00G15L99
Added Member To Class: ClassName=mainboard Member=Component R1 Res3
Added Member To Class: ClassName=mainboard Member=Component R2 Res3
Added Member To Class: ClassName=mainboard Member=Component R3 Res3
Added Member To Class: ClassName=mainboard Member=Component R4 Res3
Added Member To Class: ClassName=mainboard Member=Component R5 Res3
Added Member To Class: ClassName=mainboard Member=Component R6 Res3
Added Member To Class: ClassName=mainboard Member=Component R7 Res3
Added Member To Class: ClassName=mainboard Member=Component R8 Res3
Added Member To Class: ClassName=mainboard Member=Component R9 Res3
Added Member To Class: ClassName=mainboard Member=Component R10 Res3
Added Member To Class: ClassName=mainboard Member=Component R11 Res3
Added Member To Class: ClassName=mainboard Member=Component R12 Res3
Added Member To Class: ClassName=mainboard Member=Component R13 Res3
Added Member To Class: ClassName=mainboard Member=Component R14 Res3
Added Member To Class: ClassName=mainboard Member=Component R15 Res3
Added Member To Class: ClassName=mainboard Member=Component R16 Res3
Added Member To Class: ClassName=mainboard Member=Component R17 Res3
Added Member To Class: ClassName=mainboard Member=Component R18 Res3
Added Member To Class: ClassName=mainboard Member=Component R19 Res3
Added Member To Class: ClassName=mainboard Member=Component R20 Res3
Added Member To Class: ClassName=mainboard Member=Component R21 Res3
Added Member To Class: ClassName=mainboard Member=Component R22 Res3
Added Member To Class: ClassName=mainboard Member=Component R23 Res3
Added Member To Class: ClassName=mainboard Member=Component R24 Res3
Added Member To Class: ClassName=mainboard Member=Component R25 Res3
Added Member To Class: ClassName=mainboard Member=Component R26 Res3
Added Member To Class: ClassName=mainboard Member=Component R27 Res3
Added Member To Class: ClassName=mainboard Member=Component R_ISET 
Added Member To Class: ClassName=mainboard Member=Component rf XBee ZigBee S2C surface mount
Added Member To Class: ClassName=mainboard Member=Component RX/TX Header 2
Added Member To Class: ClassName=mainboard Member=Component STATUS LED Header 2
Added Member To Class: ClassName=mainboard Member=Component U1 MSP430F5529IPN
Added Room: Name=mainboard
