Removed Member From Class: ClassName=mainboard Member=P1
Removed Member From Class: ClassName=mainboard Member=P2
Removed Member From Class: ClassName=mainboard Member=R3
Added Component: Designator=BATT2VCC(DRC10-2400X1650TP)
Added Component: Designator=BATT CHARGER(RGT16-1700X1700TP)
Added Component: Designator=C2(1608[0603])
Added Component: Designator=C3(1608[0603])
Added Component: Designator=C4(1608[0603])
Added Component: Designator=C5(1608[0603])
Added Component: Designator=C6(1608[0603])
Added Component: Designator=C7(1608[0603])
Added Component: Designator=C8(1608[0603])
Added Component: Designator=D1(3.2X1.6X1.1)
Added Component: Designator=D2(3.2X1.6X1.1)
Added Component: Designator=J1(HIRO-ZX62D-AB-5P8_V)
Added Component: Designator=L1(COIL-SER2014-3_V)
Added Component: Designator=R_ISET(J1-0603)
Added Pin To Net: NetName=BAT+ Pin=BATT CHARGER-2
Added Pin To Net: NetName=BAT+ Pin=BATT CHARGER-3
Added Pin To Net: NetName=BAT+ Pin=C3-2
Added Net: Name=BAT+
Added Pin To Net: NetName=GND Pin=BATT2VCC-3
Added Pin To Net: NetName=GND Pin=BATT2VCC-9
Added Pin To Net: NetName=GND Pin=BATT2VCC-11
Added Pin To Net: NetName=GND Pin=BATT CHARGER-4
Added Pin To Net: NetName=GND Pin=BATT CHARGER-5
Added Pin To Net: NetName=GND Pin=BATT CHARGER-8
Added Pin To Net: NetName=GND Pin=BATT CHARGER-14
Added Pin To Net: NetName=GND Pin=BATT CHARGER-15
Added Pin To Net: NetName=GND Pin=BATT CHARGER-17
Added Pin To Net: NetName=GND Pin=C1-1
Added Pin To Net: NetName=GND Pin=C2-1
Added Pin To Net: NetName=GND Pin=C3-1
Added Pin To Net: NetName=GND Pin=C4-1
Added Pin To Net: NetName=GND Pin=C5-1
Added Pin To Net: NetName=GND Pin=C6-1
Added Pin To Net: NetName=GND Pin=C7-1
Added Pin To Net: NetName=GND Pin=C8-1
Added Pin To Net: NetName=GND Pin=J1-5
Added Pin To Net: NetName=GND Pin=Q2-P3
Added Pin To Net: NetName=GND Pin=R_ISET-1
Added Pin To Net: NetName=GND Pin=U1-14
Added Pin To Net: NetName=GND Pin=U1-19
Added Pin To Net: NetName=GND Pin=U1-49
Added Pin To Net: NetName=GND Pin=U1-61
Added Pin To Net: NetName=GND Pin=U1-68
Added Net: Name=GND
Added Pin To Net: NetName=NetBATT CHARGER_7 Pin=BATT CHARGER-7
Added Pin To Net: NetName=NetBATT CHARGER_7 Pin=D2-2
Added Net: Name=NetBATT CHARGER_7
Added Pin To Net: NetName=NetBATT CHARGER_9 Pin=BATT CHARGER-9
Added Pin To Net: NetName=NetBATT CHARGER_9 Pin=D1-2
Added Net: Name=NetBATT CHARGER_9
Added Pin To Net: NetName=NetBATT CHARGER_13 Pin=BATT CHARGER-13
Added Pin To Net: NetName=NetBATT CHARGER_13 Pin=C1-2
Added Pin To Net: NetName=NetBATT CHARGER_13 Pin=J1-1
Added Net: Name=NetBATT CHARGER_13
Added Pin To Net: NetName=NetBATT CHARGER_16 Pin=BATT CHARGER-16
Added Pin To Net: NetName=NetBATT CHARGER_16 Pin=R_ISET-2
Added Net: Name=NetBATT CHARGER_16
Added Pin To Net: NetName=NetC4_2 Pin=C4-2
Added Pin To Net: NetName=NetC4_2 Pin=Q2-P2
Added Pin To Net: NetName=NetC4_2 Pin=U1-12
Added Net: Name=NetC4_2
Added Pin To Net: NetName=NetC5_2 Pin=C5-2
Added Pin To Net: NetName=NetC5_2 Pin=Q2-P1
Added Pin To Net: NetName=NetC5_2 Pin=U1-13
Added Net: Name=NetC5_2
Added Pin To Net: NetName=NetD1_1 Pin=D1-1
Added Pin To Net: NetName=NetD1_1 Pin=R1-1
Added Net: Name=NetD1_1
Added Pin To Net: NetName=NetD2_1 Pin=D2-1
Added Pin To Net: NetName=NetD2_1 Pin=R2-1
Added Net: Name=NetD2_1
Added Pin To Net: NetName=SCL Pin=U1-38
Added Net: Name=SCL
Added Pin To Net: NetName=SDA Pin=U1-37
Added Net: Name=SDA
Added Pin To Net: NetName=TEMP Pin=BATT CHARGER-1
Added Net: Name=TEMP
Added Pin To Net: NetName=USB500EN Pin=BATT CHARGER-6
Added Net: Name=USB500EN
Added Pin To Net: NetName=V_SYS Pin=BATT2VCC-5
Added Pin To Net: NetName=V_SYS Pin=BATT2VCC-6
Added Pin To Net: NetName=V_SYS Pin=BATT2VCC-7
Added Pin To Net: NetName=V_SYS Pin=BATT2VCC-8
Added Pin To Net: NetName=V_SYS Pin=BATT CHARGER-10
Added Pin To Net: NetName=V_SYS Pin=BATT CHARGER-11
Added Pin To Net: NetName=V_SYS Pin=C2-2
Added Pin To Net: NetName=V_SYS Pin=R1-2
Added Pin To Net: NetName=V_SYS Pin=R2-2
Added Net: Name=V_SYS
Added Pin To Net: NetName=VCC Pin=BATT2VCC-1
Added Pin To Net: NetName=VCC Pin=BATT2VCC-10
Added Pin To Net: NetName=VCC Pin=C6-2
Added Pin To Net: NetName=VCC Pin=C7-2
Added Pin To Net: NetName=VCC Pin=C8-2
Added Pin To Net: NetName=VCC Pin=U1-11
Added Pin To Net: NetName=VCC Pin=U1-18
Added Pin To Net: NetName=VCC Pin=U1-50
Added Net: Name=VCC
Added Member To Class: ClassName=mainboard Member=Component BATT2VCC TPS63001DRCR
Added Member To Class: ClassName=mainboard Member=Component BATT CHARGER BQ24230RGTT
Added Member To Class: ClassName=mainboard Member=Component C2 Cap Semi
Added Member To Class: ClassName=mainboard Member=Component C3 Cap Semi
Added Member To Class: ClassName=mainboard Member=Component C4 Cap Semi
Added Member To Class: ClassName=mainboard Member=Component C5 Cap Semi
Added Member To Class: ClassName=mainboard Member=Component C6 Cap Semi
Added Member To Class: ClassName=mainboard Member=Component C7 Cap Semi
Added Member To Class: ClassName=mainboard Member=Component C8 Cap Semi
Added Member To Class: ClassName=mainboard Member=Component D1 LED2
Added Member To Class: ClassName=mainboard Member=Component D2 LED2
Added Member To Class: ClassName=mainboard Member=Component J1 ZX62D-AB-5P8
Added Member To Class: ClassName=mainboard Member=Component L1 SER2014-202MLD
Added Member To Class: ClassName=mainboard Member=Component R_ISET Res3
Added Room: Name=mainboard
